C51 COMPILER V9.59.0.0   DISPLAY                                                           10/15/2018 22:09:23 PAGE 1   


C51 COMPILER V9.59.0.0, COMPILATION OF MODULE DISPLAY
OBJECT MODULE PLACED IN .\Objects\display.obj
COMPILER INVOKED BY: E:\Keil\Keil_C51\C51\BIN\C51.EXE user\display.c OPTIMIZE(8,SPEED) BROWSE INCDIR(.\user\Inc) DEBUG O
                    -BJECTEXTEND PRINT(.\Listings\display.lst) OBJECT(.\Objects\display.obj)

line level    source

   1          #include "display.h"
   2          
   3          //显示段
   4          sbit dis_1 = P2^1;
   5          sbit dis_2 = P2^2;
   6          
   7          //段码
   8          BYTE code display[10] = {0xc0,0xf9,0xa4,0xB0,0x99,0x92,0x82,0xf8,0x80,0x98};
   9          
  10          bit disControl = 0;//控制显示位
  11          u8 xdata displayBuf[2] = {0};//后两位为闪烁存储
  12          u8 xdata bk_flag; //闪烁控制
  13          u16 bk_count; //闪烁计数
  14          /********************** 显示初始化 ************************/
  15          void DisplayInit(void)
  16          {
  17   1          P2M0 = 0x00;
  18   1          P2M1 = 0x00;
  19   1          P0M0 = 0x00;
  20   1          P0M1 = 0x00;
  21   1          
  22   1          dis_1 = 1;
  23   1          dis_2 = 1;
  24   1          DisplaySet(00);
  25   1          bk_flag = 0;
  26   1      }
  27          
  28          /********************** 跟新显示 ************************/
  29          void DisplaySet(u8 value)
  30          {
  31   1          displayBuf[0] = display[value % 10];
  32   1          displayBuf[1] = display[value % 100 / 10];
  33   1      }
  34          /********************** 设置闪烁位 ************************/
  35          void DisplayBlinkSet(u8 pos)
  36          {
  37   1          //设置闪烁位
  38   1          bk_flag = pos;
  39   1      }
  40          /********************** 显示扫描函数 ************************/
  41          bit bk;
  42          void DisplayScan(void)
  43          {
  44   1          bk_count ++;
  45   1          if(bk_count == 400)
  46   1          {
  47   2              bk_count = 0;
  48   2              bk = !bk;
  49   2          }
  50   1          if(disControl)
  51   1          {
  52   2              //显示
  53   2              dis_1 = 0;
  54   2              dis_2 = 1;
C51 COMPILER V9.59.0.0   DISPLAY                                                           10/15/2018 22:09:23 PAGE 2   

  55   2              if(bk_flag & 0x2)
  56   2              {
  57   3                  //闪烁
  58   3                  if(bk)
  59   3                  {
  60   4                      P0 = 0xFF;
  61   4                  }
  62   3                  else
  63   3                  {
  64   4                      P0 = displayBuf[disControl];
  65   4                  }
  66   3              }
  67   2              else
  68   2              {
  69   3                  P0 = displayBuf[disControl];
  70   3              }
  71   2              disControl = 0;
  72   2          }
  73   1          else
  74   1          {
  75   2              dis_1 = 1;
  76   2              dis_2 = 0;
  77   2              if(bk_flag & 0x1)
  78   2              {
  79   3                  //闪烁
  80   3                  if(bk)
  81   3                  {
  82   4                      P0 = 0xFF;
  83   4                  }
  84   3                  else
  85   3                  {
  86   4                      P0 = displayBuf[disControl];
  87   4                  }
  88   3              }
  89   2              else
  90   2              {
  91   3                  P0 = displayBuf[disControl];
  92   3              }
  93   2              disControl = 1;
  94   2          }
  95   1      }


MODULE INFORMATION:   STATIC OVERLAYABLE
   CODE SIZE        =    166    ----
   CONSTANT SIZE    =     10    ----
   XDATA SIZE       =      3    ----
   PDATA SIZE       =   ----    ----
   DATA SIZE        =      2    ----
   IDATA SIZE       =   ----    ----
   BIT SIZE         =      2    ----
END OF MODULE INFORMATION.


C51 COMPILATION COMPLETE.  0 WARNING(S),  0 ERROR(S)
