C51 COMPILER V9.59.0.0   PCA                                                               10/15/2018 22:09:24 PAGE 1   


C51 COMPILER V9.59.0.0, COMPILATION OF MODULE PCA
OBJECT MODULE PLACED IN .\Objects\PCA.obj
COMPILER INVOKED BY: E:\Keil\Keil_C51\C51\BIN\C51.EXE user\PCA.c OPTIMIZE(8,SPEED) BROWSE INCDIR(.\user\Inc) DEBUG OBJEC
                    -TEXTEND PRINT(.\Listings\PCA.lst) OBJECT(.\Objects\PCA.obj)

line level    source

   1          //初始化PCA
   2          #include "PCA.h"
   3          #include "IR.h"
   4          #include "RF.h"
   5          /********************** PCA模块初始化  ************************/
   6          u8  xdata PCA_CF;                           //存储PCA计时溢出次数
   7          
   8          
   9          void PCAInit(void)
  10          {
  11   1          //切换PCA引脚到
  12   1          P_SW1 &= ~(0x30); //切换PCA引脚
  13   1          P_SW1 |= (0x10);  //切换到P2.3-P2.6
  14   1          CCON = 0x00; //清除所有中断标志位,停止PCA计数
  15   1          CMOD = 0x01; //空闲模式继续计数,系统时钟 12 分频进行计数进行计数[3:2],是能计
             -溢出中断
  16   1          CL = 0x00; //清除计数
  17   1          CH = 0x00;
  18   1      }
  19          
  20          /********************** PCA模块开始计数  ************************/
  21          void PCACountEnable(u8 en)
  22          {
  23   1          if(en)
  24   1          {
  25   2              //开始计数
  26   2              CL = 0x00;
  27   2              CH = 0x00;
  28   2              PCA_CF = 0;
  29   2              CR = 1;
  30   2          }
  31   1          else
  32   1          {
  33   2              //停止计数
  34   2              CR = 0;
  35   2          }
  36   1      }
  37          
  38          /********************** PCA中断处理函数  ************************/
  39          void PCA_isr() interrupt 7 using 1
  40          {
  41   1          //IR接收
  42   1          if (CCF1)
  43   1          {
  44   2              CCF1 = 0; //清除标志位
  45   2              if (CF && ((CCAP1H & 0x80) == 0)) //发生溢出
  46   2              {
  47   3                  CF = 0;
  48   3                  PCA_CF++;
  49   3              }
  50   2              IR_RX_NEC();
  51   2          }
  52   1          //433 接收
  53   1          if (CCF2)
C51 COMPILER V9.59.0.0   PCA                                                               10/15/2018 22:09:24 PAGE 2   

  54   1          {
  55   2              CCF2 = 0; //清除标志位
  56   2              if (CF && ((CCAP2H & 0x80) == 0)) //发生溢出
  57   2              {
  58   3                  CF = 0;
  59   3                  PCA_CF++;
  60   3              }
  61   2              RF_RX_433();
  62   2          }
  63   1          
  64   1          //315 接收
  65   1          if (CCF3)
  66   1          {
  67   2              CCF3 = 0; //清除标志位
  68   2              if (CF && ((CCAP3H & 0x80) == 0)) //发生溢出
  69   2              {
  70   3                  CF = 0;
  71   3                  PCA_CF++;
  72   3              }
  73   2              RF_RX_315();
  74   2          }
  75   1          if (CF)
  76   1          {
  77   2              CF = 0;
  78   2              PCA_CF++;                      //PCA计时溢出次数+1
  79   2          }
  80   1      }


MODULE INFORMATION:   STATIC OVERLAYABLE
   CODE SIZE        =    145    ----
   CONSTANT SIZE    =   ----    ----
   XDATA SIZE       =      1    ----
   PDATA SIZE       =   ----    ----
   DATA SIZE        =   ----    ----
   IDATA SIZE       =   ----    ----
   BIT SIZE         =   ----    ----
END OF MODULE INFORMATION.


C51 COMPILATION COMPLETE.  0 WARNING(S),  0 ERROR(S)
