C51 COMPILER V9.59.0.0   RF                                                                10/15/2018 22:09:24 PAGE 1   


C51 COMPILER V9.59.0.0, COMPILATION OF MODULE RF
OBJECT MODULE PLACED IN .\Objects\RF.obj
COMPILER INVOKED BY: E:\Keil\Keil_C51\C51\BIN\C51.EXE user\RF.c OPTIMIZE(8,SPEED) BROWSE INCDIR(.\user\Inc) DEBUG OBJECT
                    -EXTEND PRINT(.\Listings\RF.lst) OBJECT(.\Objects\RF.obj)

line level    source

   1          //315  /  433 æ¥æ”¶ä¸å‘é€
   2          #include "RF.h"
   3          #include "PCA.h"
   4          
   5          //#define D_433_SY_H_MAX (4412)
   6          #define mOffset  10          //æ¥æ”¶æ•°æ®åç§»
   7          #define RF_TX_H (0)     //è¾“å‡ºé«˜
   8          #define RF_TX_L (1)     //è¾“å‡ºä½
   9          sbit RF_OUT_433 = P4^3; //433 è¾“å‡ºå¼•è„š
  10          sbit RF_OUT_315 = P4^4; //315 è¾“å‡ºå¼•è„š
  11          
  12          u8 RF_RX_Ok;//RFæ¥æ”¶æˆåŠŸ 0 æ¥æ”¶æœªå®Œæˆ, 1 433 æ¥æ”¶æˆåŠŸ 2 315 æ¥æ”¶æˆåŠŸ
  13          
  14          bit RF_433_315_falg;    //å‘é€433(0) å‘é€315(1) æ ‡å¿—ä½
  15          u32 xdata RF_OUT_DATA_433;    //433 è¾“å‡ºæ•°æ®
  16          u16 xdata RF_OUT_4T_433;      //433 è¾“å‡º4T
  17          
  18          u32 xdata RF_OUT_DATA_315;    //315 è¾“å‡ºæ•°æ®
  19          u16 xdata RF_OUT_4T_315;      //315 è¾“å‡º4T
  20          
  21          
  22          u32 xdata count0_433;                       //è®°å½•ä¸Šä¸€æ¬¡çš„æ•è·å€¼
  23          u32 xdata count1_433;                       //è®°å½•æœ¬æ¬¡çš„æ•è·å€¼
  24          u32 xdata length_433;                       //å­˜å‚¨ä¿¡å·çš„æ—¶é—´é•¿åº¦(count1 - count0)
  25          u32 xdata PulseH_433;                       //å­˜å‚¨ä¿¡å·çš„ä½ç”µå¹³æ—¶é—´
  26          bit RF_433_RX_BIT_OK; //433ä¸€ä¸ªè„‰å†²æ¥æ”¶å®Œæˆ
  27          bit RF_433_RX_OK; //433 æ•°æ®æ¥æ”¶å®Œæˆ
  28          u16 xdata RF_433_4T_Temp; //ä¸´æ—¶æ¥æ”¶4Tçš„æ—¶é—´
  29          bit RF_433_flag; //å°„é¢‘æ¥æ”¶æ ‡å¿—ä½
  30          u32 xdata RF_433_Data; //æ•°æ®ä¸º24ä½,æœ€å24ä½
  31          u8 RF_433_RX_Count; //æ¥æ”¶ä½æ•°è®¡æ•°
  32          
  33          
  34          u32 xdata count0_315;                       //è®°å½•ä¸Šä¸€æ¬¡çš„æ•è·å€¼
  35          u32 xdata count1_315;                       //è®°å½•æœ¬æ¬¡çš„æ•è·å€¼
  36          u32 xdata length_315;                       //å­˜å‚¨ä¿¡å·çš„æ—¶é—´é•¿åº¦(count1 - count0)
  37          u32 xdata PulseH_315;                       //å­˜å‚¨ä¿¡å·çš„ä½ç”µå¹³æ—¶é—´
  38          bit RF_315_RX_BIT_OK; //315ä¸€ä¸ªè„‰å†²æ¥æ”¶å®Œæˆ
  39          bit RF_315_RX_OK; //315 æ•°æ®æ¥æ”¶å®Œæˆ
  40          u16 xdata RF_315_4T_Temp; //ä¸´æ—¶æ¥æ”¶4Tçš„æ—¶é—´
  41          bit RF_315_flag; //å°„é¢‘æ¥æ”¶æ ‡å¿—ä½
  42          u32 xdata RF_315_Data; //æ•°æ®ä¸º24ä½,æœ€å24ä½
  43          u8 RF_315_RX_Count; //æ¥æ”¶ä½æ•°è®¡æ•°
  44          /********************** å°„é¢‘æ¥æ”¶ä½¿èƒ½  ************************/
  45          void RF_RX_Enable(u8 en)
  46          {
  47   1          //æ¸…é™¤æ‰€æœ‰æ ‡å¿—ä½
  48   1          //433
  49   1          CCF2 = 0; //æ¸…é™¤ä¸­æ–­æ ‡å¿—ä½
  50   1          CCAP2L = 0x00; //æ¸…é™¤è®¡æ•°å€¼
  51   1          CCAP2H = 0x00;
  52   1          //åˆå§‹åŒ–æ‰€æœ‰å˜é‡
  53   1          //433
  54   1          count0_433 = 0;
C51 COMPILER V9.59.0.0   RF                                                                10/15/2018 22:09:24 PAGE 2   

  55   1          count1_433 = 0;
  56   1          length_433 = 0;
  57   1          PulseH_433 = 0;
  58   1          RF_433_RX_OK = 0;
  59   1          RF_433_flag = 0;
  60   1          
  61   1          //315
  62   1          CCF3 = 0;
  63   1          CCAP3L = 0x00; //æ¸…é™¤è®¡æ•°å€¼
  64   1          CCAP3H = 0x00;
  65   1          //315
  66   1          count0_315 = 0;
  67   1          count1_315 = 0;
  68   1          length_315 = 0;
  69   1          PulseH_315 = 0;
  70   1          RF_315_RX_OK = 0;
  71   1          RF_315_flag = 0;
  72   1          
  73   1          if(en == 1)
  74   1          {
  75   2              //å¼€å¯æ¥æ”¶
  76   2              //433 æ¥æ”¶
  77   2              CCAPM2 = PCA_MODE_DW;                              //PCAæ¨¡å—0ä¸º16ä½æ•è·æ¨¡å¼(ä¸‹é™æ²¿æ•è
             -·)
  78   2              //315 æ¥æ”¶
  79   2              CCAPM3 = PCA_MODE_DW;                              //PCAæ¨¡å—0ä¸º16ä½æ•è·æ¨¡å¼(ä¸‹é™æ²¿æ•è
             -·)
  80   2              RF_RX_Ok = 0;
  81   2              RF_OUT_DATA_433 = 0;
  82   2              RF_OUT_DATA_315 = 0;
  83   2          }
  84   1          else if(en == 0)
  85   1          {
  86   2              //å…³é—­æ¥æ”¶
  87   2              //433 æ¥æ”¶
  88   2              CCAPM2 = 0;
  89   2              //315 æ¥æ”¶
  90   2              CCAPM3 = 0;
  91   2          }
  92   1      }
  93          //###################### 433 ################################
  94          /********************** 433æ¥æ”¶  ************************/
  95          void RF_RX_433(void)
  96          {
  97   1          if(CCAPM2 == PCA_MODE_DW)
  98   1          {
  99   2              //ä¸Šå‡æ²¿æ•è·, ä¸‹ä¸€æ¬¡ä¸‹é™æ²¿æ•è· (æˆ–å¾—æ•´ä¸ªæ³¢å½¢å‘¨æœŸ)
 100   2              CCAPM2 = PCA_MODE_UP;
 101   2              count0_433 = count1_433;            //å¤‡ä»½ä¸Šä¸€æ¬¡çš„æ•è·å€¼
 102   2              ((u8 *)&count1_433)[3] = CCAP2L;  //ä¿å­˜ä¸Šå‡æ²¿åˆ°è¾¾çš„æ—¶é—´
 103   2              ((u8 *)&count1_433)[2] = CCAP2H;
 104   2              ((u8 *)&count1_433)[1] = PCA_CF;
 105   2              ((u8 *)&count1_433)[0] = 0;
 106   2              length_433 = count1_433 - count0_433;   //æ£€æµ‹æ³¢å½¢çš„å‘¨æœŸ
 107   2              ((u8 *)&length_433)[0] = 0;
 108   2              RF_433_RX_BIT_OK = 1;//æ¥æ”¶åˆ°æ•°æ®
 109   2          }
 110   1          else
 111   1          {
 112   2              //ä¸‹é™æ²¿æ•è·, ä¸‹ä¸€æ¬¡ä¸Šå‡æ²¿æ•è· (å¾—åˆ°é«˜ç”µå¹³æ—¶é—´)
 113   2              CCAPM2 = PCA_MODE_DW;
 114   2              ((u8 *)&PulseH_433)[3] = CCAP2L;  //ä¿å­˜ä¸‹é™æ²¿åˆ°è¾¾çš„æ—¶é—´
C51 COMPILER V9.59.0.0   RF                                                                10/15/2018 22:09:24 PAGE 3   

 115   2              ((u8 *)&PulseH_433)[2] = CCAP2H;
 116   2              ((u8 *)&PulseH_433)[1] = PCA_CF;
 117   2              ((u8 *)&PulseH_433)[0] = 0;
 118   2              PulseH_433 = PulseH_433 - count1_433;   //ä¸‹é™æ²¿æ•è·è®¡æ•°å€¼ - ä¸Šå‡æ²¿æ•è·å€¼ = é«˜ç”µå¹
             -³æ—¶é—´
 119   2              ((u8 *)&PulseH_433)[0] = 0;
 120   2          }
 121   1      }
 122          
 123          /**********************  433 æ£€æµ‹  ************************/
 124          void RF_433_Scan(void)
 125          {
 126   1          u8 duty = 0;
 127   1          if(RF_433_RX_BIT_OK == 1)
 128   1          {
 129   2              RF_433_RX_BIT_OK = 0;
 130   2              duty = (PulseH_433 * 100) / (length_433);
 131   2              if(RF_433_flag == 0)
 132   2              {
 133   3                  //åˆ¤æ–­åŒæ­¥ä½
 134   3                  if(duty <= 8)
 135   3                  {
 136   4                      //åŒæ­¥ä½
 137   4                      RF_433_4T_Temp = (PulseH_433 & 0xFFFF);//è·å–4Tçš„æ—¶é—´
 138   4                      RF_433_flag = 1;
 139   4                      RF_433_RX_Count = 24;
 140   4                      RF_433_Data = 0;
 141   4                  }
 142   3              }
 143   2              else if(RF_433_flag == 1)
 144   2              {
 145   3                  //æ£€æµ‹åˆ°åŒæ­¥ä½,å¼€å§‹æ¥æ”¶æ•°æ®
 146   3                  //æ¥æ”¶æ•°æ®ç¬¬ä¸€ä½
 147   3                  if((duty <= (25 + mOffset)) && (duty >= (25 - mOffset)))
 148   3                  {
 149   4                      //4Té«˜ç”µå¹³ æ•°æ®0
 150   4                      RF_433_Data >>= 1;
 151   4                      if(--RF_433_RX_Count == 0)
 152   4                      {
 153   5                          //æ•°æ®æ¥æ”¶å®Œæˆ
 154   5                          RF_433_flag = 0;
 155   5                          RF_433_RX_OK = 1;
 156   5                          RF_OUT_4T_433 = ~RF_433_4T_Temp;
 157   5                      }
 158   4                  }
 159   3                  else if((duty <= (75 + mOffset)) && (duty >= (75 - mOffset)))
 160   3                  {
 161   4                      //12Té«˜ç”µå¹³ æ•°æ®1
 162   4                      RF_433_Data >>= 1;
 163   4                      RF_433_Data |= 0x800000;
 164   4                      if(--RF_433_RX_Count == 0)
 165   4                      {
 166   5                          //æ•°æ®æ¥æ”¶å®Œæˆ
 167   5                          RF_433_flag = 0;
 168   5                          RF_433_RX_OK = 1;
 169   5                          RF_OUT_4T_433 = ~RF_433_4T_Temp;
 170   5                      }
 171   4                  }
 172   3                  else
 173   3                  {
 174   4                      //æ•°æ®ä¸æ­£ç¡®
 175   4                      RF_433_flag = 0;
C51 COMPILER V9.59.0.0   RF                                                                10/15/2018 22:09:24 PAGE 4   

 176   4                  }
 177   3              }
 178   2          }
 179   1          
 180   1          if(RF_433_RX_OK == 1)
 181   1          {
 182   2              RF_433_RX_OK = 0;
 183   2              if(RF_OUT_DATA_433 == RF_433_Data)
 184   2              {
 185   3                  //ä¸¤æ¬¡æ•°æ®ç›¸åŒ,æ¥æ”¶å®Œæˆ,å…³é—­å°„é¢‘æ¥æ”¶
 186   3                  RF_RX_Ok = 1;
 187   3                  RF_RX_Enable(0);
 188   3              }
 189   2              else
 190   2              {
 191   3                  //æ•°æ®ä¸åŒ,å­˜å‚¨æœ€æ–°æ•°æ®
 192   3                  RF_OUT_DATA_433 = RF_433_Data;
 193   3              }
 194   2      //        UartSend(((u8 *)&RF_OUT_DATA_433)[0]);
 195   2      //        UartSend(((u8 *)&RF_OUT_DATA_433)[1]);
 196   2      //        UartSend(((u8 *)&RF_OUT_DATA_433)[2]);
 197   2      //        UartSend(((u8 *)&RF_OUT_DATA_433)[3]);
 198   2          }
 199   1      }
 200          
 201          //###################### 315 ################################
 202          /********************** 315æ¥æ”¶  ************************/
 203          void RF_RX_315(void)
 204          {
 205   1          if(CCAPM3 == PCA_MODE_DW)
 206   1          {
 207   2              //ä¸Šå‡æ²¿æ•è·, ä¸‹ä¸€æ¬¡ä¸‹é™æ²¿æ•è· (æˆ–å¾—æ•´ä¸ªæ³¢å½¢å‘¨æœŸ)
 208   2              CCAPM3 = PCA_MODE_UP;
 209   2              count0_315 = count1_315;            //å¤‡ä»½ä¸Šä¸€æ¬¡çš„æ•è·å€¼
 210   2              ((u8 *)&count1_315)[3] = CCAP3L;  //ä¿å­˜ä¸Šå‡æ²¿åˆ°è¾¾çš„æ—¶é—´
 211   2              ((u8 *)&count1_315)[2] = CCAP3H;
 212   2              ((u8 *)&count1_315)[1] = PCA_CF;
 213   2              ((u8 *)&count1_315)[0] = 0;
 214   2              length_315 = count1_315 - count0_315;   //æ£€æµ‹æ³¢å½¢çš„å‘¨æœŸ
 215   2              ((u8 *)&length_315)[0] = 0;
 216   2              RF_315_RX_BIT_OK = 1;//æ¥æ”¶åˆ°æ•°æ®
 217   2          }
 218   1          else
 219   1          {
 220   2              //ä¸‹é™æ²¿æ•è·, ä¸‹ä¸€æ¬¡ä¸Šå‡æ²¿æ•è· (å¾—åˆ°é«˜ç”µå¹³æ—¶é—´)
 221   2              CCAPM3 = PCA_MODE_DW;
 222   2              ((u8 *)&PulseH_315)[3] = CCAP3L;  //ä¿å­˜ä¸‹é™æ²¿åˆ°è¾¾çš„æ—¶é—´
 223   2              ((u8 *)&PulseH_315)[2] = CCAP3H;
 224   2              ((u8 *)&PulseH_315)[1] = PCA_CF;
 225   2              ((u8 *)&PulseH_315)[0] = 0;
 226   2              PulseH_315 = PulseH_315 - count1_315;   //ä¸‹é™æ²¿æ•è·è®¡æ•°å€¼ - ä¸Šå‡æ²¿æ•è·å€¼ = é«˜ç”µå¹
             -³æ—¶é—´
 227   2              ((u8 *)&PulseH_315)[0] = 0;
 228   2          }
 229   1      }
 230          
 231          /**********************  315 æ£€æµ‹  ************************/
 232          void RF_315_Scan(void)
 233          {
 234   1          u8 duty = 0;
 235   1          if(RF_315_RX_BIT_OK == 1)
 236   1          {
C51 COMPILER V9.59.0.0   RF                                                                10/15/2018 22:09:24 PAGE 5   

 237   2              RF_315_RX_BIT_OK = 0;
 238   2              duty = (PulseH_315 * 100) / (length_315);
 239   2              if(RF_315_flag == 0)
 240   2              {
 241   3                  //åˆ¤æ–­åŒæ­¥ä½
 242   3                  if(duty <= 8)
 243   3                  {
 244   4                      //åŒæ­¥ä½
 245   4                      RF_315_4T_Temp = (PulseH_315 & 0xFFFF);//è·å–4Tçš„æ—¶é—´
 246   4                      RF_315_flag = 1;
 247   4                      RF_315_RX_Count = 24;
 248   4                      RF_315_Data = 0;
 249   4                  }
 250   3              }
 251   2              else if(RF_315_flag == 1)
 252   2              {
 253   3                  //æ£€æµ‹åˆ°åŒæ­¥ä½,å¼€å§‹æ¥æ”¶æ•°æ®
 254   3                  //æ¥æ”¶æ•°æ®ç¬¬ä¸€ä½
 255   3                  if((duty <= (25 + mOffset)) && (duty >= (25 - mOffset)))
 256   3                  {
 257   4                      //4Té«˜ç”µå¹³ æ•°æ®0
 258   4                      RF_315_Data >>= 1;
 259   4                      if(--RF_315_RX_Count == 0)
 260   4                      {
 261   5                          //æ•°æ®æ¥æ”¶å®Œæˆ
 262   5                          RF_315_flag = 0;
 263   5                          RF_315_RX_OK = 1;
 264   5                          RF_OUT_4T_315 = ~RF_315_4T_Temp;
 265   5                      }
 266   4                  }
 267   3                  else if((duty <= (75 + mOffset)) && (duty >= (75 - mOffset)))
 268   3                  {
 269   4                      //12Té«˜ç”µå¹³ æ•°æ®1
 270   4                      RF_315_Data >>= 1;
 271   4                      RF_315_Data |= 0x800000;
 272   4                      if(--RF_315_RX_Count == 0)
 273   4                      {
 274   5                          //æ•°æ®æ¥æ”¶å®Œæˆ
 275   5                          RF_315_flag = 0;
 276   5                          RF_315_RX_OK = 1;
 277   5                          RF_OUT_4T_315 = ~RF_315_4T_Temp;
 278   5                      }
 279   4                  }
 280   3                  else
 281   3                  {
 282   4                      //æ•°æ®ä¸æ­£ç¡®
 283   4                      RF_315_flag = 0;
 284   4                  }
 285   3              }
 286   2          }
 287   1          
 288   1          if(RF_315_RX_OK == 1)
 289   1          {
 290   2              RF_315_RX_OK = 0;
 291   2              if(RF_OUT_DATA_315 == RF_315_Data)
 292   2              {
 293   3                  //ä¸¤æ¬¡æ•°æ®ç›¸åŒ,æ¥æ”¶å®Œæˆ,å…³é—­å°„é¢‘æ¥æ”¶
 294   3                  RF_RX_Ok = 2;
 295   3                  RF_RX_Enable(0);
 296   3              }
 297   2              else
 298   2              {
C51 COMPILER V9.59.0.0   RF                                                                10/15/2018 22:09:24 PAGE 6   

 299   3                  //æ•°æ®ä¸åŒ,å­˜å‚¨æœ€æ–°æ•°æ®
 300   3                  RF_OUT_DATA_315 = RF_315_Data;
 301   3              }
 302   2      //        UartSend(((u8 *)&RF_315_Data)[0]);
 303   2      //        UartSend(((u8 *)&RF_315_Data)[1]);
 304   2      //        UartSend(((u8 *)&RF_315_Data)[2]);
 305   2      //        UartSend(((u8 *)&RF_315_Data)[3]);
 306   2      //        UartSend(0xAA);
 307   2          }
 308   1      }
 309          
 310          
 311          //############################### å‘é€ç¨‹åº ###############
 312          /**********************  åˆå§‹åŒ–å‘é€ ************************/
 313          //åˆå§‹åŒ–å®šæ—¶å™¨2 ç”¨ä½œå‘é€å®šæ—¶
 314          void RF_TX_Init(void)
 315          {
 316   1          //é…ç½®è¾“å‡ºç«¯å£
 317   1          P4M0 = 0x00;
 318   1          P4M1 = 0x00;
 319   1          RF_OUT_433 = RF_TX_L;
 320   1          RF_OUT_315 = RF_TX_L;
 321   1      }
 322          
 323          //é€‰æ‹©å‘é€433 å’Œ 315  0å‘é€433 1 å‘é€ 315
 324          void RF_TX_Switch_433_315(u8 sw)
 325          {
 326   1          if(sw)
 327   1          {
 328   2              RF_433_315_falg = 1;
 329   2          }
 330   1          else
 331   1          {
 332   2              RF_433_315_falg = 0;
 333   2          }
 334   1      }
 335          
 336          /********************** 433 å‘é€  ************************/
 337          u8 tx_count ; //å‘é€ä½
 338          u8 t_count; // 
 339          bit tx_bit;
 340          bit syn;
 341          u8 temp_t;
 342          u16 RF_TX_4T;
 343          u32 RF_OUT_DATA;
 344          void RF_TX(void)
 345          {
 346   1          AUXR &= ~(0x1C); //æ¸…é™¤å®šæ—¶å™¨2ç›¸å…³é…ç½®
 347   1          if(RF_433_315_falg)
 348   1          {
 349   2              //315 å‘é€
 350   2              RF_TX_4T = RF_OUT_4T_315;
 351   2              RF_OUT_DATA = RF_OUT_DATA_315;
 352   2              RF_OUT_315 = RF_TX_H;
 353   2          }
 354   1          else
 355   1          {
 356   2              //433 å‘é€
 357   2              RF_TX_4T = RF_OUT_4T_433;
 358   2              RF_OUT_DATA = RF_OUT_DATA_433;
 359   2              RF_OUT_433 = RF_TX_H;
 360   2          }
C51 COMPILER V9.59.0.0   RF                                                                10/15/2018 22:09:24 PAGE 7   

 361   1          
 362   1          T2L = (RF_TX_4T & 0xFF);     //è®¾ç½®å‘é€4Tæ—¶é’Ÿ
 363   1          T2H = (RF_TX_4T >> 8);
 364   1          t_count = 0;
 365   1          tx_count = 0;
 366   1          temp_t = 0;
 367   1          tx_bit = (RF_OUT_DATA >> tx_count) & 0x1;
 368   1          tx_count ++;
 369   1          syn = 0;
 370   1          AUXR |= 0x10;                                //å¯åŠ¨å®šæ—¶å™¨ 12 åˆ†é¢‘
 371   1          IE2 |= ET2;                                  //ä½¿èƒ½å®šæ—¶å™¨ä¸­æ–­
 372   1      }
 373          
 374          /********************** RFå‘é€ä¸­æ–­ ************************/
 375          void TM2_Isr() interrupt 12 using 1
 376          {
 377   1          AUXINTIF &= ~T2IF;               //æ¸…ä¸­æ–­æ ‡å¿—
 378   1          t_count ++;
 379   1          
 380   1          if(t_count == 4)
 381   1          {
 382   2              if(tx_count < 24)
 383   2              {
 384   3                  tx_bit = (RF_OUT_DATA >> tx_count) & 0x1;
 385   3                  tx_count ++;
 386   3                  t_count = 0;
 387   3                  if(RF_433_315_falg)
 388   3                  {
 389   4                      //315 å‘é€
 390   4                      RF_OUT_315 = RF_TX_H;
 391   4                  }
 392   3                  else
 393   3                  {
 394   4                      //433 å‘é€
 395   4                      RF_OUT_433 = RF_TX_H;
 396   4                  }
 397   3              }
 398   2              else if(syn == 0)
 399   2              {
 400   3                  syn = 1;
 401   3                  t_count = 0;
 402   3                  if(RF_433_315_falg)
 403   3                  {
 404   4                      //315 å‘é€
 405   4                      RF_OUT_315 = RF_TX_H;
 406   4                  }
 407   3                  else
 408   3                  {
 409   4                      //433 å‘é€
 410   4                      RF_OUT_433 = RF_TX_H;
 411   4                  }
 412   3              }
 413   2          }
 414   1          
 415   1          //å‘é€æ•°æ®
 416   1          if(syn == 0)
 417   1          {
 418   2              if(tx_bit)
 419   2              {
 420   3                  //å‘é€1
 421   3                  if(t_count < 3)
 422   3                  {
C51 COMPILER V9.59.0.0   RF                                                                10/15/2018 22:09:24 PAGE 8   

 423   4                      if(RF_433_315_falg)
 424   4                      {
 425   5                          //315 å‘é€
 426   5                          RF_OUT_315 = RF_TX_H;
 427   5                      }
 428   4                      else
 429   4                      {
 430   5                          //433 å‘é€
 431   5                          RF_OUT_433 = RF_TX_H;
 432   5                      }
 433   4                  }
 434   3                  else
 435   3                  {
 436   4                      if(RF_433_315_falg)
 437   4                      {
 438   5                          //315 å‘é€
 439   5                          RF_OUT_315 = RF_TX_L;
 440   5                      }
 441   4                      else
 442   4                      {
 443   5                          //433 å‘é€
 444   5                          RF_OUT_433 = RF_TX_L;
 445   5                      }
 446   4                  }
 447   3              }
 448   2              else
 449   2              {
 450   3                  //å‘é€ 0 
 451   3                  if(t_count < 1)
 452   3                  {
 453   4                      if(RF_433_315_falg)
 454   4                      {
 455   5                          //315 å‘é€
 456   5                          RF_OUT_315 = RF_TX_H;
 457   5                      }
 458   4                      else
 459   4                      {
 460   5                          //433 å‘é€
 461   5                          RF_OUT_433 = RF_TX_H;
 462   5                      }
 463   4                  }
 464   3                  else
 465   3                  {
 466   4                      if(RF_433_315_falg)
 467   4                      {
 468   5                          //315 å‘é€
 469   5                          RF_OUT_315 = RF_TX_L;
 470   5                      }
 471   4                      else
 472   4                      {
 473   5                          //433 å‘é€
 474   5                          RF_OUT_433 = RF_TX_L;
 475   5                      }
 476   4                  }
 477   3              }
 478   2          }
 479   1          else
 480   1          {
 481   2              //å‘é€åŒæ­¥å¸§
 482   2              if(t_count < 1)
 483   2              {
 484   3                  if(RF_433_315_falg)
C51 COMPILER V9.59.0.0   RF                                                                10/15/2018 22:09:24 PAGE 9   

 485   3                  {
 486   4                      //315 å‘é€
 487   4                      RF_OUT_315 = RF_TX_H;
 488   4                  }
 489   3                  else
 490   3                  {
 491   4                      //433 å‘é€
 492   4                      RF_OUT_433 = RF_TX_H;
 493   4                  }
 494   3              }
 495   2              else
 496   2              {
 497   3                  if(RF_433_315_falg)
 498   3                  {
 499   4                      //315 å‘é€
 500   4                      RF_OUT_315 = RF_TX_L;
 501   4                  }
 502   3                  else
 503   3                  {
 504   4                      //433 å‘é€
 505   4                      RF_OUT_433 = RF_TX_L;
 506   4                  }
 507   3                  
 508   3                  if(t_count == 32)
 509   3                  {
 510   4                      temp_t ++;
 511   4                      if(temp_t > 5)
 512   4                      {
 513   5                          AUXR &= ~(0x1C); //å…³é—­å®šæ—¶å™¨
 514   5                          IE2 &= ~ET2;
 515   5                      }
 516   4                      else
 517   4                      {
 518   5                          t_count = 0;
 519   5                          tx_count = 0;
 520   5                          tx_bit = (RF_OUT_DATA >> tx_count) & 0x1;
 521   5                          tx_count ++;
 522   5                          syn = 0;
 523   5                          
 524   5                          if(RF_433_315_falg)
 525   5                          {
 526   6                              //315 å‘é€
 527   6                              RF_OUT_315 = RF_TX_H;
 528   6                          }
 529   5                          else
 530   5                          {
 531   6                              //433 å‘é€
 532   6                              RF_OUT_433 = RF_TX_H;
 533   6                          }
 534   5                      }
 535   4                  }
 536   3              }
 537   2          }
 538   1      }


MODULE INFORMATION:   STATIC OVERLAYABLE
   CODE SIZE        =   1608    ----
   CONSTANT SIZE    =   ----    ----
   XDATA SIZE       =     56    ----
   PDATA SIZE       =   ----    ----
   DATA SIZE        =     12    ----
C51 COMPILER V9.59.0.0   RF                                                                10/15/2018 22:09:24 PAGE 10  

   IDATA SIZE       =   ----    ----
   BIT SIZE         =      9    ----
END OF MODULE INFORMATION.


C51 COMPILATION COMPLETE.  0 WARNING(S),  0 ERROR(S)
